<?xml version="1.0" encoding="UTF-8"?>
<!-- Generated by org.testng.reporters.JUnitReportReporter -->
<testsuite hostname="QT-INNO-MAC00157.local" failures="0" tests="1" name="JavaSeleniumPractice.SeleniumSessions.MouseHover" time="8.548" errors="0" timestamp="30 Mar 2022 18:53:31 GMT">
  <testcase classname="JavaSeleniumPractice.SeleniumSessions.MouseHover" name="MouseHoverAction" time="8.548"/>
</testsuite> <!-- JavaSeleniumPractice.SeleniumSessions.MouseHover -->
