<?xml version="1.0" encoding="UTF-8"?>
<!-- Generated by org.testng.reporters.JUnitReportReporter -->
<testsuite hostname="QT-INNO-MAC00157.local" failures="0" tests="1" name="JavaSeleniumPractice.SeleniumSessions.KeyboradKeys" time="7.724" errors="0" timestamp="14 Apr 2022 17:11:46 GMT">
  <testcase classname="JavaSeleniumPractice.SeleniumSessions.KeyboradKeys" name="keyboardKeys" time="7.724"/>
</testsuite> <!-- JavaSeleniumPractice.SeleniumSessions.KeyboradKeys -->
