<?xml version="1.0" encoding="UTF-8"?>
<!-- Generated by org.testng.reporters.JUnitReportReporter -->
<testsuite hostname="QT-INNO-MAC00157.local" failures="0" tests="1" name="JavaSeleniumPractice.SeleniumSessions.MouseRightClickAction" time="9.281" errors="0" timestamp="30 Mar 2022 17:55:09 GMT">
  <testcase classname="JavaSeleniumPractice.SeleniumSessions.MouseRightClickAction" name="mouseRight" time="9.281"/>
</testsuite> <!-- JavaSeleniumPractice.SeleniumSessions.MouseRightClickAction -->
