<?xml version="1.0" encoding="UTF-8"?>
<!-- Generated by org.testng.reporters.JUnitReportReporter -->
<testsuite hostname="QT-INNO-MAC00157.local" failures="0" tests="1" name="com.wordpress.Testcases.VerifyValidLogin" time="15.401" errors="0" timestamp="29 Mar 2022 14:07:56 GMT">
  <testcase classname="com.wordpress.Testcases.VerifyValidLogin" name="checkValidUser" time="15.401"/>
</testsuite> <!-- com.wordpress.Testcases.VerifyValidLogin -->
