<?xml version="1.0" encoding="UTF-8"?>
<!-- Generated by org.testng.reporters.JUnitReportReporter -->
<testsuite hostname="QT-INNO-MAC00157.local" failures="0" tests="1" name="JavaSeleniumPractice.SeleniumSessions.DragAndDrop" time="6.694" errors="0" timestamp="30 Mar 2022 18:20:14 GMT">
  <testcase classname="JavaSeleniumPractice.SeleniumSessions.DragAndDrop" name="dragAndDrop" time="6.694"/>
</testsuite> <!-- JavaSeleniumPractice.SeleniumSessions.DragAndDrop -->
