<?xml version="1.0" encoding="UTF-8"?>
<!-- Generated by org.testng.reporters.JUnitReportReporter -->
<testsuite hostname="QT-INNO-MAC00157.local" failures="0" tests="1" name="com.wordpress.Testcases.ReadingAndWriting" time="0.016" errors="0" timestamp="17 Apr 2022 07:24:40 GMT">
  <testcase classname="com.wordpress.Testcases.ReadingAndWriting" name="WritingReading" time="0.016"/>
</testsuite> <!-- com.wordpress.Testcases.ReadingAndWriting -->
