<?xml version="1.0" encoding="UTF-8"?>
<!-- Generated by org.testng.reporters.JUnitReportReporter -->
<testsuite hostname="QT-INNO-MAC00157.local" failures="0" tests="1" name="com.wordpress.Testcases.WritingFile" time="0.013" errors="0" timestamp="17 Apr 2022 07:33:16 GMT">
  <testcase classname="com.wordpress.Testcases.WritingFile" name="fileWriting" time="0.013"/>
</testsuite> <!-- com.wordpress.Testcases.WritingFile -->
