<?xml version="1.0" encoding="UTF-8"?>
<!-- Generated by org.testng.reporters.JUnitReportReporter -->
<testsuite hostname="QT-INNO-MAC00157.local" failures="0" tests="1" name="com.wordpress.Testcases.TakingScreenshots" time="6.320" errors="0" timestamp="30 Mar 2022 10:02:11 GMT">
  <testcase classname="com.wordpress.Testcases.TakingScreenshots" name="screenshot" time="6.320"/>
</testsuite> <!-- com.wordpress.Testcases.TakingScreenshots -->
