<?xml version="1.0" encoding="UTF-8"?>
<!-- Generated by org.testng.reporters.JUnitReportReporter -->
<testsuite hostname="QT-INNO-MAC00157.local" failures="0" tests="1" name="JavaSeleniumPractice.SeleniumSessions.MySqlTest" time="0.399" errors="0" timestamp="17 Apr 2022 06:04:38 GMT">
  <testcase classname="JavaSeleniumPractice.SeleniumSessions.MySqlTest" name="sqlTesingFunction" time="0.399"/>
</testsuite> <!-- JavaSeleniumPractice.SeleniumSessions.MySqlTest -->
