<?xml version="1.0" encoding="UTF-8"?>
<!-- Generated by org.testng.reporters.JUnitReportReporter -->
<testsuite hostname="QT-INNO-MAC00157.local" failures="0" tests="1" name="com.wordpress.Testcases.DropDownJquery" time="23.472" errors="0" timestamp="7 Apr 2022 15:38:48 GMT">
  <testcase classname="com.wordpress.Testcases.DropDownJquery" name="HandleDropDown" time="23.472"/>
</testsuite> <!-- com.wordpress.Testcases.DropDownJquery -->
