<?xml version="1.0" encoding="UTF-8"?>
<!-- Generated by org.testng.reporters.JUnitReportReporter -->
<testsuite hostname="QT-INNO-MAC00157.local" failures="0" tests="1" name="com.wordpress.Testcases.KeyboadEvents" time="13.703" errors="0" timestamp="18 Apr 2022 16:23:55 GMT">
  <testcase classname="com.wordpress.Testcases.KeyboadEvents" name="keyBoadEventTrying" time="13.703"/>
</testsuite> <!-- com.wordpress.Testcases.KeyboadEvents -->
