<?xml version="1.0" encoding="UTF-8"?>
<!-- Generated by org.testng.reporters.JUnitReportReporter -->
<testsuite hostname="QT-INNO-MAC00157.local" failures="0" tests="1" name="JavaSeleniumPractice.SeleniumSessions.AppTest" time="0.015" errors="0" timestamp="29 Mar 2022 10:13:17 GMT">
  <testcase classname="JavaSeleniumPractice.SeleniumSessions.AppTest" name="shouldAnswerWithTrue" time="0.015"/>
</testsuite> <!-- JavaSeleniumPractice.SeleniumSessions.AppTest -->
